<?xml version="1.0" encoding="UTF-8"?>
<!-- Generated by org.testng.reporters.JUnitReportReporter -->
<testsuite skipped="0" hostname="Vishvesh-Hp-Pavilion" name="DynamicJSON" tests="1" failures="0" timestamp="2020-05-24T19:04:56 IST" time="4.035" errors="0">
  <testcase name="AddBook" time="4.035" classname="DynamicJSON"/>
  <system-out/>
</testsuite> <!-- DynamicJSON -->
