<?xml version="1.0" encoding="UTF-8"?>
<!-- Generated by org.testng.reporters.JUnitReportReporter -->
<testsuite skipped="0" hostname="Vishvesh-Hp-Pavilion" name="StaticJson" tests="1" failures="0" timestamp="2020-05-30T21:07:26 IST" time="10.687" errors="0">
  <testcase name="AddBook" time="10.687" classname="StaticJson"/>
  <system-out/>
</testsuite> <!-- StaticJson -->
