<?xml version="1.0" encoding="UTF-8"?>
<!-- Generated by org.testng.reporters.JUnitReportReporter -->
<testsuite skipped="0" hostname="Vishvesh-Hp-Pavilion" name="SumValidation" tests="1" failures="0" timestamp="2020-05-30T21:03:04 IST" time="1.900" errors="0">
  <testcase name="SumCourses" time="1.900" classname="SumValidation"/>
  <system-out/>
</testsuite> <!-- SumValidation -->
