<?xml version="1.0" encoding="UTF-8" ?>
<testsuite tests="2" failures="0" name="cucumber.Options.TestRunner" time="10.884" errors="0" skipped="0">
  <properties>
    <property name="java.runtime.name" value="Java(TM) SE Runtime Environment"/>
    <property name="sun.boot.library.path" value="D:\Softwares\New_Automation_Tools\AutomationRequirements\Jdk_8\jre\bin"/>
    <property name="java.vm.version" value="25.231-b11"/>
    <property name="java.vm.vendor" value="Oracle Corporation"/>
    <property name="maven.multiModuleProjectDirectory" value="D:\Softwares\TestCode_Workspace\API_Automation\ApiAutomationFramework"/>
    <property name="java.vendor.url" value="http://java.oracle.com/"/>
    <property name="path.separator" value=";"/>
    <property name="guice.disable.misplaced.annotation.check" value="true"/>
    <property name="java.vm.name" value="Java HotSpot(TM) 64-Bit Server VM"/>
    <property name="file.encoding.pkg" value="sun.io"/>
    <property name="user.script" value=""/>
    <property name="user.country" value="IN"/>
    <property name="sun.java.launcher" value="SUN_STANDARD"/>
    <property name="sun.os.patch.level" value=""/>
    <property name="java.vm.specification.name" value="Java Virtual Machine Specification"/>
    <property name="user.dir" value="D:\Softwares\TestCode_Workspace\API_Automation\ApiAutomationFramework"/>
    <property name="java.runtime.version" value="1.8.0_231-b11"/>
    <property name="java.awt.graphicsenv" value="sun.awt.Win32GraphicsEnvironment"/>
    <property name="java.endorsed.dirs" value="D:\Softwares\New_Automation_Tools\AutomationRequirements\Jdk_8\jre\lib\endorsed"/>
    <property name="os.arch" value="amd64"/>
    <property name="java.io.tmpdir" value="C:\Users\VISHVE~1.SAW\AppData\Local\Temp\"/>
    <property name="line.separator" value="
"/>
    <property name="java.vm.specification.vendor" value="Oracle Corporation"/>
    <property name="user.variant" value=""/>
    <property name="os.name" value="Windows 10"/>
    <property name="classworlds.conf" value="D:\Softwares\New_Automation_Tools\AutomationRequirements\apache-maven-3.6.2\bin\..\bin\m2.conf"/>
    <property name="sun.jnu.encoding" value="Cp1252"/>
    <property name="java.library.path" value="D:\Softwares\New_Automation_Tools\AutomationRequirements\Jdk_8\bin;C:\WINDOWS\Sun\Java\bin;C:\WINDOWS\system32;C:\WINDOWS;C:\Program Files (x86)\Common Files\Oracle\Java\javapath;C:\Windows\system32;C:\Windows;C:\Windows\System32\Wbem;C:\Windows\System32\WindowsPowerShell\v1.0\;C:\Windows\System32\OpenSSH\;C:\Program Files\NVIDIA Corporation\NVIDIA NvDLISR;C:\Program Files (x86)\NVIDIA Corporation\PhysX\Common;C:\Program Files (x86)\Puppet Labs\Puppet\bin;D:\Softwares\New_Automation_Tools\AutomationRequirements\Jdk_8\bin;C:\Program Files (x86)\CheckPoint\Endpoint Security\Endpoint Common\bin;%SystemRoot%\system32;%SystemRoot%;%SystemRoot%\System32\Wbem;%SYSTEMROOT%\System32\WindowsPowerShell\v1.0\;%SYSTEMROOT%\System32\OpenSSH\;C:\Users\vishvesh.sawant\AppData\Local\Microsoft\WindowsApps;D:\Softwares\New_Automation_Tools\AutomationRequirements\IntelliJ IDE\IntelliJ IDEA Community Edition 2019.2.3\bin;;D:\Softwares\New_Automation_Tools\AutomationRequirements\apache-maven-3.6.2\bin;;."/>
    <property name="maven.conf" value="D:\Softwares\New_Automation_Tools\AutomationRequirements\apache-maven-3.6.2\bin\../conf"/>
    <property name="java.specification.name" value="Java Platform API Specification"/>
    <property name="java.class.version" value="52.0"/>
    <property name="sun.management.compiler" value="HotSpot 64-Bit Tiered Compilers"/>
    <property name="os.version" value="10.0"/>
    <property name="library.jansi.path" value="D:\Softwares\New_Automation_Tools\AutomationRequirements\apache-maven-3.6.2\bin\..\lib\jansi-native"/>
    <property name="user.home" value="C:\Users\vishvesh.sawant"/>
    <property name="user.timezone" value="Asia/Calcutta"/>
    <property name="java.awt.printerjob" value="sun.awt.windows.WPrinterJob"/>
    <property name="java.specification.version" value="1.8"/>
    <property name="file.encoding" value="Cp1252"/>
    <property name="user.name" value="vishvesh.sawant"/>
    <property name="java.class.path" value="D:\Softwares\New_Automation_Tools\AutomationRequirements\apache-maven-3.6.2\bin\..\boot\plexus-classworlds-2.6.0.jar"/>
    <property name="java.vm.specification.version" value="1.8"/>
    <property name="sun.arch.data.model" value="64"/>
    <property name="java.home" value="D:\Softwares\New_Automation_Tools\AutomationRequirements\Jdk_8\jre"/>
    <property name="sun.java.command" value="org.codehaus.plexus.classworlds.launcher.Launcher test verify"/>
    <property name="java.specification.vendor" value="Oracle Corporation"/>
    <property name="user.language" value="en"/>
    <property name="awt.toolkit" value="sun.awt.windows.WToolkit"/>
    <property name="java.vm.info" value="mixed mode"/>
    <property name="java.version" value="1.8.0_231"/>
    <property name="java.ext.dirs" value="D:\Softwares\New_Automation_Tools\AutomationRequirements\Jdk_8\jre\lib\ext;C:\WINDOWS\Sun\Java\lib\ext"/>
    <property name="sun.boot.class.path" value="D:\Softwares\New_Automation_Tools\AutomationRequirements\Jdk_8\jre\lib\resources.jar;D:\Softwares\New_Automation_Tools\AutomationRequirements\Jdk_8\jre\lib\rt.jar;D:\Softwares\New_Automation_Tools\AutomationRequirements\Jdk_8\jre\lib\sunrsasign.jar;D:\Softwares\New_Automation_Tools\AutomationRequirements\Jdk_8\jre\lib\jsse.jar;D:\Softwares\New_Automation_Tools\AutomationRequirements\Jdk_8\jre\lib\jce.jar;D:\Softwares\New_Automation_Tools\AutomationRequirements\Jdk_8\jre\lib\charsets.jar;D:\Softwares\New_Automation_Tools\AutomationRequirements\Jdk_8\jre\lib\jfr.jar;D:\Softwares\New_Automation_Tools\AutomationRequirements\Jdk_8\jre\classes"/>
    <property name="sun.stderr.encoding" value="cp437"/>
    <property name="java.vendor" value="Oracle Corporation"/>
    <property name="maven.home" value="D:\Softwares\New_Automation_Tools\AutomationRequirements\apache-maven-3.6.2\bin\.."/>
    <property name="file.separator" value="\"/>
    <property name="java.vendor.url.bug" value="http://bugreport.sun.com/bugreport/"/>
    <property name="sun.cpu.endian" value="little"/>
    <property name="sun.io.unicode.encoding" value="UnicodeLittle"/>
    <property name="sun.stdout.encoding" value="cp437"/>
    <property name="sun.desktop" value="windows"/>
    <property name="sun.cpu.isalist" value="amd64"/>
  </properties>
  <testcase classname="Validating Add Place API&apos;s" name="Verify if place is successfully added using AddPlace API" time="7.907"/>
  <testcase classname="Validating Add Place API&apos;s" name="Verify if Delete Place functionality is working" time="2.977"/>
</testsuite>