<?xml version="1.0" encoding="UTF-8"?>
<!-- Generated by org.testng.reporters.JUnitReportReporter -->
<testsuite skipped="0" hostname="IN-BOM01-NB04" name="basics" tests="1" failures="0" timestamp="2020-01-14T13:20:31 IST" time="3.468" errors="0">
  <testcase name="Test" time="3.468" classname="basics"/>
</testsuite> <!-- basics -->
