<?xml version="1.0" encoding="UTF-8"?>
<!-- Generated by org.testng.reporters.JUnitReportReporter -->
<testsuite skipped="0" hostname="IN-BOM01-NB04" name="basicsGradData" tests="1" failures="0" timestamp="2020-01-14T16:24:35 IST" time="2.273" errors="0">
  <testcase name="test" time="2.273" classname="basicsGradData"/>
</testsuite> <!-- basicsGradData -->
