<?xml version="1.0" encoding="UTF-8"?>
<!-- Generated by org.testng.reporters.JUnitReportReporter -->
<testsuite skipped="0" hostname="IN-BOM01-NB04" name="basicDataDriven" tests="1" failures="0" timestamp="2020-04-13T18:50:57 IST" time="2.335" errors="0">
  <testcase name="test" time="2.335" classname="basicDataDriven"/>
</testsuite> <!-- basicDataDriven -->
