<?xml version="1.0" encoding="UTF-8"?>
<!-- Generated by org.testng.reporters.JUnitReportReporter -->
<testsuite skipped="0" hostname="IN-BOM01-NB04" name="basicsDelete" tests="1" failures="0" timestamp="2020-01-14T16:48:30 IST" time="6.950" errors="0">
  <testcase name="test" time="6.950" classname="basicsDelete"/>
</testsuite> <!-- basicsDelete -->
