<?xml version="1.0" encoding="UTF-8"?>
<!-- Generated by org.testng.reporters.JUnitReportReporter -->
<testsuite skipped="0" hostname="IN-BOM01-NB04" name="basicsPOST" tests="1" failures="0" timestamp="2020-01-14T15:00:02 IST" time="8.461" errors="0">
  <testcase name="postData" time="8.461" classname="basicsPOST"/>
</testsuite> <!-- basicsPOST -->
