<?xml version="1.0" encoding="UTF-8"?>
<!-- Generated by org.testng.reporters.JUnitReportReporter -->
<testsuite skipped="0" hostname="IN-BOM01-NB04" name="basicDataDriven" tests="1" failures="0" timestamp="2020-01-16T13:56:56 IST" time="2.672" errors="0">
  <testcase name="test" time="2.672" classname="basicDataDriven"/>
</testsuite> <!-- basicDataDriven -->
